2026-05-01 09:48:14,731 - INFO - Loading model artifacts at startup...
2026-05-01 09:48:15,570 - INFO - Model loaded successfully.
2026-05-01 09:48:48,767 - INFO - Loading model artifacts at startup...
2026-05-01 09:48:49,858 - INFO - Model loaded successfully.
2026-05-01 09:49:27,199 - INFO - Batch size=2, latency=0.0260s
2026-05-01 09:49:36,508 - INFO - Incoming request received
2026-05-01 09:49:36,517 - INFO - pred=1, prob=0.6165, threshold=0.35, latency=0.0080s
2026-05-01 09:49:57,877 - INFO - Incoming request received
2026-05-01 09:49:57,896 - INFO - pred=1, prob=0.6551, threshold=0.35, latency=0.0176s
2026-05-01 09:50:11,674 - INFO - Incoming request received
2026-05-01 09:50:11,713 - INFO - pred=1, prob=0.6165, threshold=0.35, latency=0.0383s
2026-05-01 09:52:23,582 - INFO - Started server process [90298]
2026-05-01 09:52:23,583 - INFO - Waiting for application startup.
2026-05-01 09:52:23,583 - INFO - Loading model artifacts at startup...
2026-05-01 09:52:24,418 - INFO - Model loaded successfully.
2026-05-01 09:52:24,418 - INFO - Application startup complete.
2026-05-01 09:52:45,203 - INFO - 127.0.0.1:52934 - "POST /predict HTTP/1.1" 422
2026-05-01 09:53:01,438 - INFO - 127.0.0.1:52938 - "GET /health HTTP/1.1" 200
2026-05-01 09:54:09,052 - INFO - Shutting down
2026-05-01 09:54:09,154 - INFO - Waiting for application shutdown.
2026-05-01 09:54:09,155 - INFO - Application shutdown complete.
2026-05-01 09:54:09,155 - INFO - Finished server process [90298]
2026-05-01 10:00:35,365 - [INFO] - Started server process [91156]
2026-05-01 10:00:35,366 - [INFO] - Waiting for application startup.
2026-05-01 10:00:35,366 - [INFO] - Loading model artifacts at startup...
2026-05-01 10:00:36,153 - [INFO] - Model loaded successfully.
2026-05-01 10:00:36,153 - [INFO] - Application startup complete.
2026-05-01 10:00:47,858 - [INFO] - 127.0.0.1:53072 - "GET /health HTTP/1.1" 200
2026-05-01 10:00:51,593 - [INFO] - 127.0.0.1:53072 - "POST /predict HTTP/1.1" 422
2026-05-01 10:01:01,240 - [INFO] - Batch size=2, latency=0.0378s
2026-05-01 10:01:01,240 - [INFO] - 127.0.0.1:53074 - "POST /batch_predict HTTP/1.1" 200
2026-05-01 10:01:18,329 - [INFO] - Batch size=2, latency=0.0109s
2026-05-01 10:01:18,329 - [INFO] - 127.0.0.1:53076 - "POST /batch_predict HTTP/1.1" 200
2026-05-01 10:01:33,948 - [INFO] - Batch size=2, latency=0.0109s
2026-05-01 10:01:33,948 - [INFO] - 127.0.0.1:53079 - "POST /batch_predict HTTP/1.1" 200
2026-05-01 10:02:57,570 - [INFO] - Shutting down
2026-05-01 10:02:57,673 - [INFO] - Waiting for application shutdown.
2026-05-01 10:02:57,675 - [INFO] - Application shutdown complete.
2026-05-01 10:02:57,675 - [INFO] - Finished server process [91156]
2026-05-01 10:02:58,732 - [INFO] - Started server process [91250]
2026-05-01 10:02:58,732 - [INFO] - Waiting for application startup.
2026-05-01 10:02:58,733 - [INFO] - Loading model artifacts at startup...
2026-05-01 10:02:59,405 - [INFO] - Model loaded successfully.
2026-05-01 10:02:59,406 - [INFO] - Application startup complete.
2026-05-01 10:03:01,429 - [INFO] - Shutting down
2026-05-01 10:03:01,531 - [INFO] - Waiting for application shutdown.
2026-05-01 10:03:01,532 - [INFO] - Application shutdown complete.
2026-05-01 10:03:01,532 - [INFO] - Finished server process [91250]
2026-05-01 10:03:02,310 - [INFO] - Started server process [91260]
2026-05-01 10:03:02,311 - [INFO] - Waiting for application startup.
2026-05-01 10:03:02,311 - [INFO] - Loading model artifacts at startup...
2026-05-01 10:03:02,899 - [INFO] - Model loaded successfully.
2026-05-01 10:03:02,899 - [INFO] - Application startup complete.
2026-05-01 10:03:05,226 - [INFO] - Shutting down
2026-05-01 10:03:05,328 - [INFO] - Waiting for application shutdown.
2026-05-01 10:03:05,332 - [INFO] - Application shutdown complete.
2026-05-01 10:03:05,332 - [INFO] - Finished server process [91260]
2026-05-01 10:03:05,835 - [INFO] - Started server process [91267]
2026-05-01 10:03:05,835 - [INFO] - Waiting for application startup.
2026-05-01 10:03:05,835 - [INFO] - Loading model artifacts at startup...
2026-05-01 10:03:06,397 - [INFO] - Model loaded successfully.
2026-05-01 10:03:06,397 - [INFO] - Application startup complete.
2026-05-01 10:03:08,116 - [INFO] - Shutting down
2026-05-01 10:03:08,218 - [INFO] - Waiting for application shutdown.
2026-05-01 10:03:08,219 - [INFO] - Application shutdown complete.
2026-05-01 10:03:08,219 - [INFO] - Finished server process [91267]
2026-05-01 10:03:09,269 - [INFO] - Started server process [91270]
2026-05-01 10:03:09,270 - [INFO] - Waiting for application startup.
2026-05-01 10:03:09,270 - [INFO] - Loading model artifacts at startup...
2026-05-01 10:03:09,911 - [INFO] - Model loaded successfully.
2026-05-01 10:03:09,911 - [INFO] - Application startup complete.
2026-05-01 10:03:45,804 - [INFO] - Shutting down
2026-05-01 10:03:45,907 - [INFO] - Waiting for application shutdown.
2026-05-01 10:03:45,908 - [INFO] - Application shutdown complete.
2026-05-01 10:03:45,908 - [INFO] - Finished server process [91270]
2026-05-01 10:03:46,754 - [INFO] - Started server process [91316]
2026-05-01 10:03:46,754 - [INFO] - Waiting for application startup.
2026-05-01 10:03:46,754 - [INFO] - Loading model artifacts at startup...
2026-05-01 10:03:47,469 - [INFO] - Model loaded successfully.
2026-05-01 10:03:47,469 - [INFO] - Application startup complete.
2026-05-01 10:03:56,551 - [ERROR] - [422 VALIDATION ERROR] 1 field(s) failed validation:
2026-05-01 10:03:56,552 - [ERROR] -   - Field 'PAQ605': Field required
2026-05-01 10:03:56,552 - [INFO] - 127.0.0.1:53116 - "POST /predict HTTP/1.1" 422
2026-05-01 10:04:24,680 - [INFO] - Batch size=2, latency=0.0101s
2026-05-01 10:04:24,681 - [INFO] - 127.0.0.1:53123 - "POST /batch_predict HTTP/1.1" 200
2026-05-01 10:04:42,030 - [INFO] - Batch size=2, latency=0.0059s
2026-05-01 10:04:42,030 - [INFO] - 127.0.0.1:53127 - "POST /batch_predict HTTP/1.1" 200
2026-05-01 10:07:20,274 - [INFO] - Shutting down
2026-05-01 10:07:20,376 - [INFO] - Waiting for application shutdown.
2026-05-01 10:07:20,378 - [INFO] - Application shutdown complete.
2026-05-01 10:07:20,378 - [INFO] - Finished server process [91316]
2026-05-01 10:07:21,247 - [INFO] - Started server process [91404]
2026-05-01 10:07:21,247 - [INFO] - Waiting for application startup.
2026-05-01 10:07:21,247 - [INFO] - Loading model artifacts at startup...
2026-05-01 10:07:21,941 - [INFO] - Model loaded successfully.
2026-05-01 10:07:21,941 - [INFO] - Application startup complete.
2026-05-01 10:08:29,603 - [ERROR] - [422 VALIDATION ERROR] 1 field(s) failed validation:
2026-05-01 10:08:29,604 - [ERROR] - Field 'PAQ605': Field required
2026-05-01 10:08:29,604 - [INFO] - 127.0.0.1:53165 - "POST /predict HTTP/1.1" 422
2026-05-01 10:09:57,069 - [INFO] - 127.0.0.1:53244 - "GET /health HTTP/1.1" 200
2026-05-01 10:10:08,505 - [ERROR] - [422 VALIDATION ERROR] 1 field(s) failed validation:
2026-05-01 10:10:08,505 - [ERROR] - Field 'PAQ605': Field required
2026-05-01 10:10:08,505 - [INFO] - 127.0.0.1:53248 - "POST /predict HTTP/1.1" 422
2026-05-01 10:12:57,926 - [INFO] - Shutting down
2026-05-01 10:12:58,032 - [INFO] - Waiting for application shutdown.
2026-05-01 10:12:58,033 - [INFO] - Application shutdown complete.
2026-05-01 10:12:58,033 - [INFO] - Finished server process [91404]
2026-05-01 10:12:59,142 - [INFO] - [STARTUP] - Started server process [91606]
2026-05-01 10:12:59,142 - [INFO] - [STARTUP] - Waiting for application startup.
2026-05-01 10:12:59,142 - [INFO] - [STARTUP] - Loading model artifacts at startup...
2026-05-01 10:12:59,989 - [INFO] - [STARTUP] - Model loaded successfully.
2026-05-01 10:12:59,989 - [INFO] - [STARTUP] - Application startup complete.
2026-05-01 10:13:02,415 - [INFO] - [STARTUP] - Shutting down
2026-05-01 10:13:02,517 - [INFO] - [STARTUP] - Waiting for application shutdown.
2026-05-01 10:13:02,518 - [INFO] - [STARTUP] - Application shutdown complete.
2026-05-01 10:13:02,518 - [INFO] - [STARTUP] - Finished server process [91606]
2026-05-01 10:13:02,933 - [INFO] - [STARTUP] - Started server process [91617]
2026-05-01 10:13:02,933 - [INFO] - [STARTUP] - Waiting for application startup.
2026-05-01 10:13:02,933 - [INFO] - [STARTUP] - Loading model artifacts at startup...
2026-05-01 10:13:03,472 - [INFO] - [STARTUP] - Model loaded successfully.
2026-05-01 10:13:03,472 - [INFO] - [STARTUP] - Application startup complete.
2026-05-01 10:13:08,221 - [INFO] - [STARTUP] - Shutting down
2026-05-01 10:13:08,326 - [INFO] - [STARTUP] - Waiting for application shutdown.
2026-05-01 10:13:08,328 - [INFO] - [STARTUP] - Application shutdown complete.
2026-05-01 10:13:08,329 - [INFO] - [STARTUP] - Finished server process [91617]
2026-05-01 10:13:09,109 - [INFO] - [STARTUP] - Started server process [91625]
2026-05-01 10:13:09,110 - [INFO] - [STARTUP] - Waiting for application startup.
2026-05-01 10:13:09,110 - [INFO] - [STARTUP] - Loading model artifacts at startup...
2026-05-01 10:13:09,836 - [INFO] - [STARTUP] - Model loaded successfully.
2026-05-01 10:13:09,836 - [INFO] - [STARTUP] - Application startup complete.
2026-05-01 10:13:14,092 - [INFO] - [STARTUP] - Shutting down
2026-05-01 10:13:14,198 - [INFO] - [STARTUP] - Waiting for application shutdown.
2026-05-01 10:13:14,203 - [INFO] - [STARTUP] - Application shutdown complete.
2026-05-01 10:13:14,203 - [INFO] - [STARTUP] - Finished server process [91625]
2026-05-01 10:13:14,783 - [INFO] - [STARTUP] - Started server process [91635]
2026-05-01 10:13:14,783 - [INFO] - [STARTUP] - Waiting for application startup.
2026-05-01 10:13:14,783 - [INFO] - [STARTUP] - Loading model artifacts at startup...
2026-05-01 10:13:15,323 - [INFO] - [STARTUP] - Model loaded successfully.
2026-05-01 10:13:15,323 - [INFO] - [STARTUP] - Application startup complete.
2026-05-01 10:13:25,131 - [INFO] - [STARTUP] - Shutting down
2026-05-01 10:13:25,237 - [INFO] - [STARTUP] - Waiting for application shutdown.
2026-05-01 10:13:25,239 - [INFO] - [STARTUP] - Application shutdown complete.
2026-05-01 10:13:25,239 - [INFO] - [STARTUP] - Finished server process [91635]
2026-05-01 10:13:26,049 - [INFO] - [STARTUP] - Started server process [91645]
2026-05-01 10:13:26,049 - [INFO] - [STARTUP] - Waiting for application startup.
2026-05-01 10:13:26,049 - [INFO] - [STARTUP] - Loading model artifacts at startup...
2026-05-01 10:13:26,730 - [INFO] - [STARTUP] - Model loaded successfully.
2026-05-01 10:13:26,731 - [INFO] - [STARTUP] - Application startup complete.
2026-05-01 10:13:40,746 - [INFO] - [0b77efbb] - request_start | method=GET | path=/health
2026-05-01 10:13:40,748 - [INFO] - [0b77efbb] - request_end | status=200
2026-05-01 10:13:40,748 - [INFO] - [0b77efbb] - 127.0.0.1:53289 - "GET /health HTTP/1.1" 200
2026-05-01 10:13:43,906 - [INFO] - [618b1e46] - request_start | method=POST | path=/predict
2026-05-01 10:13:43,911 - [ERROR] - [618b1e46] - validation_error | field_count=1
2026-05-01 10:13:43,912 - [ERROR] - [618b1e46] -   validation_error | field=PAQ605 | error=Field required
2026-05-01 10:13:43,912 - [INFO] - [618b1e46] - request_end | status=422
2026-05-01 10:13:43,914 - [INFO] - [618b1e46] - 127.0.0.1:53289 - "POST /predict HTTP/1.1" 422
2026-05-01 10:13:47,807 - [INFO] - [103657d1] - request_start | method=POST | path=/batch_predict
2026-05-01 10:13:47,839 - [INFO] - [103657d1] - batch_prediction | batch_size=2 | latency=0.0294s
2026-05-01 10:13:47,840 - [INFO] - [103657d1] - request_end | status=200
2026-05-01 10:13:47,840 - [INFO] - [103657d1] - 127.0.0.1:53289 - "POST /batch_predict HTTP/1.1" 200
2026-05-01 10:15:33,789 - [INFO] - [STARTUP] - Shutting down
2026-05-01 10:15:33,894 - [INFO] - [STARTUP] - Waiting for application shutdown.
2026-05-01 10:15:33,901 - [INFO] - [STARTUP] - Application shutdown complete.
2026-05-01 10:15:33,901 - [INFO] - [STARTUP] - Finished server process [91645]
2026-05-01 10:15:34,923 - [INFO] - [STARTUP] - Started server process [91738]
2026-05-01 10:15:34,923 - [INFO] - [STARTUP] - Waiting for application startup.
2026-05-01 10:15:34,924 - [INFO] - [STARTUP] - Loading model artifacts at startup...
2026-05-01 10:15:35,594 - [INFO] - [STARTUP] - Model loaded successfully.
2026-05-01 10:15:35,594 - [INFO] - [STARTUP] - Application startup complete.
2026-05-01 10:18:20,882 - [INFO] - [STARTUP] - Shutting down
2026-05-01 10:18:20,988 - [INFO] - [STARTUP] - Waiting for application shutdown.
2026-05-01 10:18:20,990 - [INFO] - [STARTUP] - Application shutdown complete.
2026-05-01 10:18:20,991 - [INFO] - [STARTUP] - Finished server process [91738]
2026-05-01 10:18:21,801 - [INFO] - [STARTUP] - Started server process [91818]
2026-05-01 10:18:21,812 - [INFO] - [STARTUP] - Waiting for application startup.
2026-05-01 10:18:21,813 - [INFO] - [STARTUP] - Loading model artifacts at startup...
2026-05-01 10:18:23,280 - [INFO] - [STARTUP] - Model loaded successfully.
2026-05-01 10:18:23,281 - [INFO] - [STARTUP] - Application startup complete.
2026-05-01 10:19:20,819 - [INFO] - [91cfdda4] - request_start | method=POST | path=/batch_predict
2026-05-01 10:19:20,849 - [INFO] - [91cfdda4] - batch_prediction | batch_size=2 | latency=0.0234s
2026-05-01 10:19:20,849 - [INFO] - [91cfdda4] - request_end | status=200 |latency=N/As
2026-05-01 10:19:20,850 - [INFO] - [91cfdda4] - 127.0.0.1:53363 - "POST /batch_predict HTTP/1.1" 200
2026-05-01 10:21:51,520 - [INFO] - [STARTUP] - Shutting down
2026-05-01 10:21:51,625 - [INFO] - [STARTUP] - Waiting for application shutdown.
2026-05-01 10:21:51,629 - [INFO] - [STARTUP] - Application shutdown complete.
2026-05-01 10:21:51,629 - [INFO] - [STARTUP] - Finished server process [91818]
2026-05-01 10:21:52,512 - [INFO] - [STARTUP] - Started server process [91943]
2026-05-01 10:21:52,512 - [INFO] - [STARTUP] - Waiting for application startup.
2026-05-01 10:21:52,512 - [INFO] - [STARTUP] - Loading model artifacts at startup...
2026-05-01 10:21:53,166 - [INFO] - [STARTUP] - Model loaded successfully.
2026-05-01 10:21:53,166 - [INFO] - [STARTUP] - Application startup complete.
2026-05-01 10:23:37,219 - [INFO] - [STARTUP] - Shutting down
2026-05-01 10:23:37,322 - [INFO] - [STARTUP] - Waiting for application shutdown.
2026-05-01 10:23:37,323 - [INFO] - [STARTUP] - Application shutdown complete.
2026-05-01 10:23:37,324 - [INFO] - [STARTUP] - Finished server process [91943]
2026-05-01 10:23:38,514 - [INFO] - [STARTUP] - Started server process [92021]
2026-05-01 10:23:38,515 - [INFO] - [STARTUP] - Waiting for application startup.
2026-05-01 10:23:38,515 - [INFO] - [STARTUP] - Loading model artifacts at startup...
2026-05-01 10:23:39,195 - [INFO] - [STARTUP] - Model loaded successfully.
2026-05-01 10:23:39,195 - [INFO] - [STARTUP] - Application startup complete.
2026-05-01 10:23:58,404 - [INFO] - [STARTUP] - Shutting down
2026-05-01 10:23:58,508 - [INFO] - [STARTUP] - Waiting for application shutdown.
2026-05-01 10:23:58,509 - [INFO] - [STARTUP] - Application shutdown complete.
2026-05-01 10:23:58,509 - [INFO] - [STARTUP] - Finished server process [92021]
2026-05-01 10:23:59,269 - [INFO] - [STARTUP] - Started server process [92040]
2026-05-01 10:23:59,269 - [INFO] - [STARTUP] - Waiting for application startup.
2026-05-01 10:23:59,270 - [INFO] - [STARTUP] - Loading model artifacts at startup...
2026-05-01 10:23:59,935 - [INFO] - [STARTUP] - Model loaded successfully.
2026-05-01 10:23:59,936 - [INFO] - [STARTUP] - Application startup complete.
2026-05-01 10:24:09,930 - [INFO] - [bccc6753] - request_start | method=POST | path=/batch_predict
2026-05-01 10:24:09,963 - [INFO] - [bccc6753] - batch_prediction | batch_size=2 
2026-05-01 10:24:09,964 - [ERROR] - [bccc6753] - unhandled_error | type=NameError | error=name 'latency' is not defined
2026-05-01 10:24:09,964 - [INFO] - [bccc6753] - 127.0.0.1:53447 - "POST /batch_predict HTTP/1.1" 500
2026-05-01 10:24:09,964 - [ERROR] - [bccc6753] - Exception in ASGI application
  + Exception Group Traceback (most recent call last):
  |   File "/Users/anvithaenaganti/Desktop/Capstone_Project/.venv/lib/python3.12/site-packages/starlette/_utils.py", line 81, in collapse_excgroups
  |     yield
  |   File "/Users/anvithaenaganti/Desktop/Capstone_Project/.venv/lib/python3.12/site-packages/starlette/middleware/base.py", line 192, in __call__
  |     async with anyio.create_task_group() as task_group:
  |   File "/Users/anvithaenaganti/Desktop/Capstone_Project/.venv/lib/python3.12/site-packages/anyio/_backends/_asyncio.py", line 799, in __aexit__
  |     raise BaseExceptionGroup(
  | ExceptionGroup: unhandled errors in a TaskGroup (1 sub-exception)
  +-+---------------- 1 ----------------
    | Traceback (most recent call last):
    |   File "/Users/anvithaenaganti/Desktop/Capstone_Project/.venv/lib/python3.12/site-packages/uvicorn/protocols/http/h11_impl.py", line 415, in run_asgi
    |     result = await app(  # type: ignore[func-returns-value]
    |              ^^^^^^^^^^^^^^^^^^^^^^^^^^^^^^^^^^^^^^^^^^^^^^
    |   File "/Users/anvithaenaganti/Desktop/Capstone_Project/.venv/lib/python3.12/site-packages/uvicorn/middleware/proxy_headers.py", line 56, in __call__
    |     return await self.app(scope, receive, send)
    |            ^^^^^^^^^^^^^^^^^^^^^^^^^^^^^^^^^^^^
    |   File "/Users/anvithaenaganti/Desktop/Capstone_Project/.venv/lib/python3.12/site-packages/fastapi/applications.py", line 1159, in __call__
    |     await super().__call__(scope, receive, send)
    |   File "/Users/anvithaenaganti/Desktop/Capstone_Project/.venv/lib/python3.12/site-packages/starlette/applications.py", line 90, in __call__
    |     await self.middleware_stack(scope, receive, send)
    |   File "/Users/anvithaenaganti/Desktop/Capstone_Project/.venv/lib/python3.12/site-packages/starlette/middleware/errors.py", line 186, in __call__
    |     raise exc
    |   File "/Users/anvithaenaganti/Desktop/Capstone_Project/.venv/lib/python3.12/site-packages/starlette/middleware/errors.py", line 164, in __call__
    |     await self.app(scope, receive, _send)
    |   File "/Users/anvithaenaganti/Desktop/Capstone_Project/.venv/lib/python3.12/site-packages/starlette/middleware/base.py", line 191, in __call__
    |     with recv_stream, send_stream, collapse_excgroups():
    |   File "/opt/anaconda3/lib/python3.12/contextlib.py", line 158, in __exit__
    |     self.gen.throw(value)
    |   File "/Users/anvithaenaganti/Desktop/Capstone_Project/.venv/lib/python3.12/site-packages/starlette/_utils.py", line 87, in collapse_excgroups
    |     raise exc
    |   File "/Users/anvithaenaganti/Desktop/Capstone_Project/.venv/lib/python3.12/site-packages/starlette/middleware/base.py", line 193, in __call__
    |     response = await self.dispatch_func(request, call_next)
    |                ^^^^^^^^^^^^^^^^^^^^^^^^^^^^^^^^^^^^^^^^^^^^
    |   File "/Users/anvithaenaganti/Desktop/Capstone_Project/app/main.py", line 89, in add_request_id
    |     logger.info(f"request_end | status={response.status_code} |latency={latency:.4f}")
    |                                                                         ^^^^^^^
    | NameError: name 'latency' is not defined
    +------------------------------------

During handling of the above exception, another exception occurred:

Traceback (most recent call last):
  File "/Users/anvithaenaganti/Desktop/Capstone_Project/.venv/lib/python3.12/site-packages/uvicorn/protocols/http/h11_impl.py", line 415, in run_asgi
    result = await app(  # type: ignore[func-returns-value]
             ^^^^^^^^^^^^^^^^^^^^^^^^^^^^^^^^^^^^^^^^^^^^^^
  File "/Users/anvithaenaganti/Desktop/Capstone_Project/.venv/lib/python3.12/site-packages/uvicorn/middleware/proxy_headers.py", line 56, in __call__
    return await self.app(scope, receive, send)
           ^^^^^^^^^^^^^^^^^^^^^^^^^^^^^^^^^^^^
  File "/Users/anvithaenaganti/Desktop/Capstone_Project/.venv/lib/python3.12/site-packages/fastapi/applications.py", line 1159, in __call__
    await super().__call__(scope, receive, send)
  File "/Users/anvithaenaganti/Desktop/Capstone_Project/.venv/lib/python3.12/site-packages/starlette/applications.py", line 90, in __call__
    await self.middleware_stack(scope, receive, send)
  File "/Users/anvithaenaganti/Desktop/Capstone_Project/.venv/lib/python3.12/site-packages/starlette/middleware/errors.py", line 186, in __call__
    raise exc
  File "/Users/anvithaenaganti/Desktop/Capstone_Project/.venv/lib/python3.12/site-packages/starlette/middleware/errors.py", line 164, in __call__
    await self.app(scope, receive, _send)
  File "/Users/anvithaenaganti/Desktop/Capstone_Project/.venv/lib/python3.12/site-packages/starlette/middleware/base.py", line 191, in __call__
    with recv_stream, send_stream, collapse_excgroups():
  File "/opt/anaconda3/lib/python3.12/contextlib.py", line 158, in __exit__
    self.gen.throw(value)
  File "/Users/anvithaenaganti/Desktop/Capstone_Project/.venv/lib/python3.12/site-packages/starlette/_utils.py", line 87, in collapse_excgroups
    raise exc
  File "/Users/anvithaenaganti/Desktop/Capstone_Project/.venv/lib/python3.12/site-packages/starlette/middleware/base.py", line 193, in __call__
    response = await self.dispatch_func(request, call_next)
               ^^^^^^^^^^^^^^^^^^^^^^^^^^^^^^^^^^^^^^^^^^^^
  File "/Users/anvithaenaganti/Desktop/Capstone_Project/app/main.py", line 89, in add_request_id
    logger.info(f"request_end | status={response.status_code} |latency={latency:.4f}")
                                                                        ^^^^^^^
NameError: name 'latency' is not defined
2026-05-01 10:26:59,947 - [INFO] - [STARTUP] - Shutting down
2026-05-01 10:27:00,052 - [INFO] - [STARTUP] - Waiting for application shutdown.
2026-05-01 10:27:00,055 - [INFO] - [STARTUP] - Application shutdown complete.
2026-05-01 10:27:00,055 - [INFO] - [STARTUP] - Finished server process [92040]
2026-05-01 10:27:00,663 - [INFO] - [STARTUP] - Started server process [92172]
2026-05-01 10:27:00,664 - [INFO] - [STARTUP] - Waiting for application startup.
2026-05-01 10:27:00,664 - [INFO] - [STARTUP] - Loading model artifacts at startup...
2026-05-01 10:27:01,297 - [INFO] - [STARTUP] - Model loaded successfully.
2026-05-01 10:27:01,297 - [INFO] - [STARTUP] - Application startup complete.
2026-05-01 10:27:04,794 - [INFO] - [42ef4b64] - request_start | method=POST | path=/batch_predict
2026-05-01 10:27:04,832 - [INFO] - [42ef4b64] - batch_prediction | batch_size=2 
2026-05-01 10:27:04,832 - [INFO] - [42ef4b64] - request_end | status=200 |latency=0.0391s
2026-05-01 10:27:04,833 - [INFO] - [42ef4b64] - 127.0.0.1:53567 - "POST /batch_predict HTTP/1.1" 200
2026-05-01 19:16:14,595 - [INFO] - [3fe4a5cd] - request_start | method=POST | path=/batch_predict
2026-05-01 19:16:14,705 - [INFO] - [3fe4a5cd] - batch_prediction | batch_size=2 
2026-05-01 19:16:14,706 - [INFO] - [3fe4a5cd] - request_end | status=200 |latency=0.1133s
2026-05-01 19:16:14,707 - [INFO] - [3fe4a5cd] - 127.0.0.1:53873 - "POST /batch_predict HTTP/1.1" 200
2026-05-01 19:16:34,271 - [INFO] - [0fc0956c] - request_start | method=POST | path=/batch_predict
2026-05-01 19:16:34,282 - [INFO] - [0fc0956c] - batch_prediction | batch_size=2 
2026-05-01 19:16:34,282 - [INFO] - [0fc0956c] - request_end | status=200 |latency=0.0118s
2026-05-01 19:16:34,282 - [INFO] - [0fc0956c] - 127.0.0.1:53875 - "POST /batch_predict HTTP/1.1" 200
2026-05-01 19:16:46,454 - [INFO] - [b350d9e9] - request_start | method=POST | path=/predict
2026-05-01 19:16:46,459 - [ERROR] - [b350d9e9] - validation_error | field_count=1
2026-05-01 19:16:46,459 - [ERROR] - [b350d9e9] -   validation_error | field=PAQ605 | error=Field required
2026-05-01 19:16:46,460 - [INFO] - [b350d9e9] - request_end | status=422 |latency=0.0061s
2026-05-01 19:16:46,460 - [INFO] - [b350d9e9] - 127.0.0.1:53877 - "POST /predict HTTP/1.1" 422
2026-05-01 19:17:52,910 - [INFO] - [STARTUP] - Shutting down
2026-05-01 19:17:53,014 - [INFO] - [STARTUP] - Waiting for application shutdown.
2026-05-01 19:17:53,019 - [INFO] - [STARTUP] - Application shutdown complete.
2026-05-01 19:17:53,020 - [INFO] - [STARTUP] - Finished server process [92172]
2026-05-01 19:17:54,419 - [INFO] - [STARTUP] - Started server process [92911]
2026-05-01 19:17:54,420 - [INFO] - [STARTUP] - Waiting for application startup.
2026-05-01 19:17:54,420 - [INFO] - [STARTUP] - Loading model artifacts at startup...
2026-05-01 19:17:55,670 - [INFO] - [STARTUP] - Model loaded successfully.
2026-05-01 19:17:55,670 - [INFO] - [STARTUP] - Application startup complete.
2026-05-01 19:17:57,724 - [INFO] - [263c1f0b] - request_start | method=POST | path=/predict
2026-05-01 19:17:57,730 - [INFO] - [263c1f0b] - request_end | status=422 |latency=0.0071s
2026-05-01 19:17:57,731 - [INFO] - [263c1f0b] - 127.0.0.1:53889 - "POST /predict HTTP/1.1" 422
2026-05-01 19:30:56,007 - [INFO] - [STARTUP] - Shutting down
2026-05-01 19:30:56,133 - [INFO] - [STARTUP] - Waiting for application shutdown.
2026-05-01 19:30:56,144 - [INFO] - [STARTUP] - Application shutdown complete.
2026-05-01 19:30:56,145 - [INFO] - [STARTUP] - Finished server process [92911]
2026-05-01 19:30:57,409 - [INFO] - [STARTUP] - Started server process [93186]
2026-05-01 19:30:57,409 - [INFO] - [STARTUP] - Waiting for application startup.
2026-05-01 19:30:57,409 - [INFO] - [STARTUP] - Loading model artifacts at startup...
2026-05-01 19:30:58,227 - [INFO] - [STARTUP] - Model loaded successfully.
2026-05-01 19:30:58,227 - [INFO] - [STARTUP] - Application startup complete.
2026-05-01 19:31:02,563 - [INFO] - [912ee216] - request_start | method=POST | path=/predict
2026-05-01 19:31:02,579 - [ERROR] - [912ee216] - validation_error | field_count=1
2026-05-01 19:31:02,579 - [ERROR] - [912ee216] -   validation_error | field=PAQ605 | error=Field required
2026-05-01 19:31:02,580 - [INFO] - [912ee216] - request_end | status=422 |latency=0.0176s
2026-05-01 19:31:02,580 - [INFO] - [912ee216] - 127.0.0.1:54054 - "POST /predict HTTP/1.1" 422
2026-05-01 19:32:14,008 - [INFO] - [STARTUP] - Shutting down
2026-05-01 19:32:14,113 - [INFO] - [STARTUP] - Finished server process [93186]
2026-05-01 19:32:17,821 - [INFO] - [STARTUP] - Started server process [93337]
2026-05-01 19:32:17,821 - [INFO] - [STARTUP] - Waiting for application startup.
2026-05-01 19:32:17,822 - [INFO] - [STARTUP] - Loading model artifacts at startup...
2026-05-01 19:32:18,670 - [INFO] - [STARTUP] - Model loaded successfully.
2026-05-01 19:32:18,670 - [INFO] - [STARTUP] - Application startup complete.
2026-05-01 19:32:27,621 - [INFO] - [78cfc29b] - request_start | method=POST | path=/predict
2026-05-01 19:32:27,628 - [ERROR] - [78cfc29b] - validation_error | field_count=1
2026-05-01 19:32:27,628 - [ERROR] - [78cfc29b] -   validation_error | field=PAQ605 | error=Field required
2026-05-01 19:32:27,628 - [INFO] - [78cfc29b] - request_end | status=422 |latency=0.0079s
2026-05-01 19:32:27,629 - [INFO] - [78cfc29b] - 127.0.0.1:54067 - "POST /predict HTTP/1.1" 422
2026-05-01 19:33:44,399 - [INFO] - [STARTUP] - Shutting down
2026-05-01 19:33:44,513 - [INFO] - [STARTUP] - Waiting for application shutdown.
2026-05-01 19:33:44,520 - [INFO] - [STARTUP] - Application shutdown complete.
2026-05-01 19:33:44,521 - [INFO] - [STARTUP] - Finished server process [93337]
2026-05-01 19:33:45,412 - [INFO] - [STARTUP] - Started server process [93406]
2026-05-01 19:33:45,414 - [INFO] - [STARTUP] - Waiting for application startup.
2026-05-01 19:33:45,414 - [INFO] - [STARTUP] - Loading model artifacts at startup...
2026-05-01 19:33:46,090 - [INFO] - [STARTUP] - Model loaded successfully.
2026-05-01 19:33:46,091 - [INFO] - [STARTUP] - Application startup complete.
2026-05-01 19:33:49,227 - [INFO] - [STARTUP] - Shutting down
2026-05-01 19:33:49,339 - [INFO] - [STARTUP] - Waiting for application shutdown.
2026-05-01 19:33:49,340 - [INFO] - [STARTUP] - Application shutdown complete.
2026-05-01 19:33:49,340 - [INFO] - [STARTUP] - Finished server process [93406]
2026-05-01 19:33:50,779 - [INFO] - [STARTUP] - Started server process [93414]
2026-05-01 19:33:50,779 - [INFO] - [STARTUP] - Waiting for application startup.
2026-05-01 19:33:50,780 - [INFO] - [STARTUP] - Loading model artifacts at startup...
2026-05-01 19:33:51,798 - [INFO] - [STARTUP] - Model loaded successfully.
2026-05-01 19:33:51,799 - [INFO] - [STARTUP] - Application startup complete.
2026-05-01 19:34:03,734 - [INFO] - [STARTUP] - Shutting down
2026-05-01 19:34:03,837 - [INFO] - [STARTUP] - Waiting for application shutdown.
2026-05-01 19:34:03,838 - [INFO] - [STARTUP] - Application shutdown complete.
2026-05-01 19:34:03,838 - [INFO] - [STARTUP] - Finished server process [93414]
2026-05-01 19:34:04,993 - [INFO] - [STARTUP] - Started server process [93445]
2026-05-01 19:34:04,994 - [INFO] - [STARTUP] - Waiting for application startup.
2026-05-01 19:34:04,994 - [INFO] - [STARTUP] - Loading model artifacts at startup...
2026-05-01 19:34:05,655 - [INFO] - [STARTUP] - Model loaded successfully.
2026-05-01 19:34:05,656 - [INFO] - [STARTUP] - Application startup complete.
2026-05-01 19:34:06,465 - [INFO] - [STARTUP] - Shutting down
2026-05-01 19:34:06,566 - [INFO] - [STARTUP] - Waiting for application shutdown.
2026-05-01 19:34:06,566 - [INFO] - [STARTUP] - Application shutdown complete.
2026-05-01 19:34:06,566 - [INFO] - [STARTUP] - Finished server process [93445]
2026-05-01 19:34:07,367 - [INFO] - [STARTUP] - Started server process [93455]
2026-05-01 19:34:07,368 - [INFO] - [STARTUP] - Waiting for application startup.
2026-05-01 19:34:07,368 - [INFO] - [STARTUP] - Loading model artifacts at startup...
2026-05-01 19:34:07,934 - [INFO] - [STARTUP] - Model loaded successfully.
2026-05-01 19:34:07,934 - [INFO] - [STARTUP] - Application startup complete.
2026-05-01 19:34:09,100 - [INFO] - [553abfbc] - request_start | method=POST | path=/predict
2026-05-01 19:34:09,102 - [ERROR] - [553abfbc] - validation_error | PAQ605=Field required
2026-05-01 19:34:09,102 - [INFO] - [553abfbc] - request_end | status=422 | latency=0.0016s
2026-05-01 19:34:09,102 - [INFO] - [553abfbc] - 127.0.0.1:54098 - "POST /predict HTTP/1.1" 422
2026-05-01 19:34:41,796 - [INFO] - [12c809ce] - request_start | method=POST | path=/predict
2026-05-01 19:34:41,804 - [ERROR] - [12c809ce] - validation_error | PAQ605=Field required
2026-05-01 19:34:41,806 - [INFO] - [12c809ce] - request_end | status=422 | latency=0.0093s
2026-05-01 19:34:41,807 - [INFO] - [12c809ce] - 127.0.0.1:54110 - "POST /predict HTTP/1.1" 422
2026-05-01 19:36:13,519 - [INFO] - [STARTUP] - Shutting down
2026-05-01 19:36:13,632 - [INFO] - [STARTUP] - Waiting for application shutdown.
2026-05-01 19:36:13,638 - [INFO] - [STARTUP] - Application shutdown complete.
2026-05-01 19:36:13,639 - [INFO] - [STARTUP] - Finished server process [93455]
2026-05-01 19:36:15,201 - [INFO] - [STARTUP] - Started server process [93814]
2026-05-01 19:36:15,201 - [INFO] - [STARTUP] - Waiting for application startup.
2026-05-01 19:36:15,201 - [INFO] - [STARTUP] - Loading model artifacts at startup...
2026-05-01 19:36:16,183 - [INFO] - [STARTUP] - Model loaded successfully.
2026-05-01 19:36:16,184 - [INFO] - [STARTUP] - Application startup complete.
2026-05-01 19:36:20,733 - [INFO] - [STARTUP] - Shutting down
2026-05-01 19:36:20,836 - [INFO] - [STARTUP] - Waiting for application shutdown.
2026-05-01 19:36:20,837 - [INFO] - [STARTUP] - Application shutdown complete.
2026-05-01 19:36:20,837 - [INFO] - [STARTUP] - Finished server process [93814]
2026-05-01 19:36:21,714 - [INFO] - [STARTUP] - Started server process [93840]
2026-05-01 19:36:21,714 - [INFO] - [STARTUP] - Waiting for application startup.
2026-05-01 19:36:21,714 - [INFO] - [STARTUP] - Loading model artifacts at startup...
2026-05-01 19:36:22,486 - [INFO] - [STARTUP] - Model loaded successfully.
2026-05-01 19:36:22,486 - [INFO] - [STARTUP] - Application startup complete.
2026-05-01 19:36:23,395 - [INFO] - [STARTUP] - Shutting down
2026-05-01 19:36:23,496 - [INFO] - [STARTUP] - Waiting for application shutdown.
2026-05-01 19:36:23,497 - [INFO] - [STARTUP] - Application shutdown complete.
2026-05-01 19:36:23,497 - [INFO] - [STARTUP] - Finished server process [93840]
2026-05-01 19:36:24,794 - [INFO] - [STARTUP] - Started server process [93846]
2026-05-01 19:36:24,794 - [INFO] - [STARTUP] - Waiting for application startup.
2026-05-01 19:36:24,794 - [INFO] - [STARTUP] - Loading model artifacts at startup...
2026-05-01 19:36:25,465 - [INFO] - [STARTUP] - Model loaded successfully.
2026-05-01 19:36:25,465 - [INFO] - [STARTUP] - Application startup complete.
2026-05-01 19:36:28,711 - [INFO] - [d60ecbaa] - request_start | method=POST | path=/predict
2026-05-01 19:36:28,715 - [ERROR] - [d60ecbaa] - validation_error | PAQ605=Field required
2026-05-01 19:36:28,715 - [INFO] - [d60ecbaa] - request_end | status=422 | latency=0.0040s
2026-05-02 16:52:18,423 - [INFO] - [STARTUP] - Shutting down
2026-05-02 16:52:18,584 - [INFO] - [STARTUP] - Waiting for application shutdown.
2026-05-02 16:52:18,601 - [INFO] - [STARTUP] - Application shutdown complete.
2026-05-02 16:52:18,602 - [INFO] - [STARTUP] - Finished server process [93846]
2026-05-02 16:52:22,580 - [INFO] - [STARTUP] - Started server process [4934]
2026-05-02 16:52:22,582 - [INFO] - [STARTUP] - Waiting for application startup.
2026-05-02 16:52:22,582 - [INFO] - [STARTUP] - Loading model artifacts at startup...
2026-05-02 16:52:24,278 - [INFO] - [STARTUP] - Model loaded successfully.
2026-05-02 16:52:24,278 - [INFO] - [STARTUP] - Application startup complete.
2026-05-02 17:01:27,895 - [INFO] - [STARTUP] - Shutting down
2026-05-02 17:01:28,026 - [INFO] - [STARTUP] - Waiting for application shutdown.
2026-05-02 17:01:28,042 - [INFO] - [STARTUP] - Application shutdown complete.
2026-05-02 17:01:28,042 - [INFO] - [STARTUP] - Finished server process [4934]
2026-05-02 17:01:29,382 - [INFO] - [STARTUP] - Started server process [5854]
2026-05-02 17:01:29,383 - [INFO] - [STARTUP] - Waiting for application startup.
2026-05-02 17:01:29,383 - [INFO] - [STARTUP] - Loading model artifacts at startup...
2026-05-02 17:01:30,395 - [INFO] - [STARTUP] - Model loaded successfully.
2026-05-02 17:01:30,395 - [INFO] - [STARTUP] - Application startup complete.
2026-05-02 17:04:23,078 - [INFO] - [STARTUP] - Shutting down
2026-05-02 17:04:23,233 - [INFO] - [STARTUP] - Waiting for application shutdown.
2026-05-02 17:04:23,270 - [INFO] - [STARTUP] - Application shutdown complete.
2026-05-02 17:04:23,272 - [INFO] - [STARTUP] - Finished server process [5854]
2026-05-02 17:04:25,324 - [INFO] - [STARTUP] - Started server process [6075]
2026-05-02 17:04:25,325 - [INFO] - [STARTUP] - Waiting for application startup.
2026-05-02 17:04:25,325 - [INFO] - [STARTUP] - Loading model artifacts at startup...
2026-05-02 17:04:26,386 - [INFO] - [STARTUP] - Model loaded successfully.
2026-05-02 17:04:26,386 - [INFO] - [STARTUP] - Application startup complete.
2026-05-02 17:05:27,668 - [INFO] - [STARTUP] - Shutting down
2026-05-02 17:05:27,788 - [INFO] - [STARTUP] - Waiting for application shutdown.
2026-05-02 17:05:27,790 - [INFO] - [STARTUP] - Application shutdown complete.
2026-05-02 17:05:27,790 - [INFO] - [STARTUP] - Finished server process [6075]
2026-05-02 17:05:28,761 - [INFO] - [STARTUP] - Started server process [6137]
2026-05-02 17:05:28,761 - [INFO] - [STARTUP] - Waiting for application startup.
2026-05-02 17:05:28,761 - [INFO] - [STARTUP] - Loading model artifacts at startup...
2026-05-02 17:05:29,453 - [INFO] - [STARTUP] - Model loaded successfully.
2026-05-02 17:05:29,453 - [INFO] - [STARTUP] - Application startup complete.
2026-05-04 10:07:09,462 - [INFO] - [STARTUP] - Shutting down
2026-05-04 10:07:09,724 - [INFO] - [STARTUP] - Waiting for application shutdown.
2026-05-04 10:07:09,774 - [INFO] - [STARTUP] - Application shutdown complete.
2026-05-04 10:07:09,774 - [INFO] - [STARTUP] - Finished server process [6137]
2026-05-04 10:07:11,728 - [INFO] - [STARTUP] - Started server process [10349]
2026-05-04 10:07:11,728 - [INFO] - [STARTUP] - Waiting for application startup.
2026-05-04 10:07:11,729 - [INFO] - [STARTUP] - Loading model artifacts at startup...
2026-05-04 10:07:13,001 - [INFO] - [STARTUP] - Model loaded successfully.
2026-05-04 10:07:13,001 - [INFO] - [STARTUP] - Application startup complete.
2026-05-04 10:39:45,439 - [INFO] - [e4f4e5b2] - request_start | method=GET | path=/health
2026-05-04 10:39:45,445 - [INFO] - [e4f4e5b2] - request_end | status=200 | latency=0.0066s
2026-05-04 10:39:59,543 - [INFO] - [532d5c55] - request_start | method=POST | path=/predict
2026-05-04 10:39:59,550 - [ERROR] - [532d5c55] - validation_error | PAQ605=Field required
2026-05-04 10:39:59,550 - [INFO] - [532d5c55] - request_end | status=422 | latency=0.0080s
2026-05-04 10:41:08,317 - [INFO] - [1b998fe0] - request_start | method=POST | path=/predict
2026-05-04 10:41:08,393 - [INFO] - [1b998fe0] - prediction | pred=1 | prob=0.6706 | latency=0.0479s
2026-05-04 10:41:08,394 - [INFO] - [1b998fe0] - request_end | status=200 | latency=0.0774s
2026-05-04 10:57:06,183 - [INFO] - [STARTUP] - Shutting down
2026-05-04 10:57:06,296 - [INFO] - [STARTUP] - Waiting for application shutdown.
2026-05-04 10:57:06,301 - [INFO] - [STARTUP] - Application shutdown complete.
2026-05-04 10:57:06,301 - [INFO] - [STARTUP] - Finished server process [10349]
2026-05-04 10:57:07,115 - [INFO] - [STARTUP] - Started server process [11351]
2026-05-04 10:57:07,115 - [INFO] - [STARTUP] - Waiting for application startup.
2026-05-04 10:57:07,115 - [INFO] - [STARTUP] - Loading model artifacts at startup...
2026-05-04 10:57:07,981 - [INFO] - [STARTUP] - Model loaded successfully.
2026-05-04 10:57:07,981 - [INFO] - [STARTUP] - Application startup complete.
2026-05-04 10:57:15,468 - [INFO] - [75b36e5e] - request_start | method=POST | path=/predict
2026-05-04 10:57:15,472 - [ERROR] - [75b36e5e] - validation_error | RIAGENDR=Input should be 0 or 1
2026-05-04 10:57:15,473 - [INFO] - [75b36e5e] - request_end | status=422 | latency=0.0051s
2026-05-04 10:59:00,058 - [INFO] - [STARTUP] - Shutting down
2026-05-04 10:59:00,162 - [INFO] - [STARTUP] - Waiting for application shutdown.
2026-05-04 10:59:00,163 - [INFO] - [STARTUP] - Application shutdown complete.
2026-05-04 10:59:00,163 - [INFO] - [STARTUP] - Finished server process [11351]
2026-05-04 10:59:01,901 - [INFO] - [STARTUP] - Started server process [11456]
2026-05-04 10:59:01,901 - [INFO] - [STARTUP] - Waiting for application startup.
2026-05-04 10:59:01,902 - [INFO] - [STARTUP] - Loading model artifacts at startup...
2026-05-04 10:59:02,715 - [INFO] - [STARTUP] - Model loaded successfully.
2026-05-04 10:59:02,715 - [INFO] - [STARTUP] - Application startup complete.
2026-05-04 10:59:23,650 - [INFO] - [4c2a3dec] - request_start | method=POST | path=/predict
2026-05-04 10:59:23,655 - [ERROR] - [4c2a3dec] - validation_error | RIAGENDR=Input should be 1 or 2
2026-05-04 10:59:23,655 - [INFO] - [4c2a3dec] - request_end | status=422 | latency=0.0064s
2026-05-04 10:59:37,608 - [INFO] - [846df1c8] - request_start | method=POST | path=/predict
2026-05-04 10:59:37,610 - [ERROR] - [846df1c8] - validation_error | RIAGENDR=Input should be 1 or 2
2026-05-04 10:59:37,611 - [INFO] - [846df1c8] - request_end | status=422 | latency=0.0025s
2026-05-04 10:59:51,884 - [INFO] - [9adeae84] - request_start | method=POST | path=/batch_predict
2026-05-04 10:59:51,886 - [ERROR] - [9adeae84] - validation_error | RIAGENDR=Input should be 1 or 2
2026-05-04 10:59:51,887 - [INFO] - [9adeae84] - request_end | status=422 | latency=0.0031s
2026-05-04 11:54:52,839 - [INFO] - [STARTUP] - Shutting down
2026-05-04 11:54:52,963 - [INFO] - [STARTUP] - Waiting for application shutdown.
2026-05-04 11:54:52,977 - [INFO] - [STARTUP] - Application shutdown complete.
2026-05-04 11:54:52,977 - [INFO] - [STARTUP] - Finished server process [11456]
2026-05-04 11:54:54,279 - [INFO] - [STARTUP] - Started server process [12548]
2026-05-04 11:54:54,280 - [INFO] - [STARTUP] - Waiting for application startup.
2026-05-04 11:54:54,280 - [INFO] - [STARTUP] - Loading model artifacts at startup...
2026-05-04 11:54:55,047 - [INFO] - [STARTUP] - Model loaded successfully.
2026-05-04 11:54:55,047 - [INFO] - [STARTUP] - Application startup complete.
2026-05-04 11:58:18,701 - [INFO] - [STARTUP] - Shutting down
2026-05-04 11:58:18,804 - [INFO] - [STARTUP] - Waiting for application shutdown.
2026-05-04 11:58:18,805 - [INFO] - [STARTUP] - Application shutdown complete.
2026-05-04 11:58:18,805 - [INFO] - [STARTUP] - Finished server process [12548]
2026-05-04 11:58:19,821 - [INFO] - [STARTUP] - Started server process [12623]
2026-05-04 11:58:19,822 - [INFO] - [STARTUP] - Waiting for application startup.
2026-05-04 11:58:19,822 - [INFO] - [STARTUP] - Loading model artifacts at startup...
2026-05-04 11:58:20,639 - [INFO] - [STARTUP] - Model loaded successfully.
2026-05-04 11:58:20,639 - [INFO] - [STARTUP] - Application startup complete.
2026-05-04 12:18:51,416 - [INFO] - [STARTUP] - Shutting down
2026-05-04 12:18:51,520 - [INFO] - [STARTUP] - Waiting for application shutdown.
2026-05-04 12:18:51,521 - [INFO] - [STARTUP] - Application shutdown complete.
2026-05-04 12:18:51,521 - [INFO] - [STARTUP] - Finished server process [12623]
2026-05-04 12:18:52,342 - [INFO] - [STARTUP] - Started server process [12985]
2026-05-04 12:18:52,342 - [INFO] - [STARTUP] - Waiting for application startup.
2026-05-04 12:18:52,342 - [INFO] - [STARTUP] - Loading model artifacts at startup...
2026-05-04 12:18:53,709 - [INFO] - [STARTUP] - Model loaded successfully.
2026-05-04 12:18:53,711 - [INFO] - [STARTUP] - Application startup complete.
2026-05-04 12:25:03,269 - [INFO] - [0f8d85cc] - request_start | method=GET | path=/health
2026-05-04 12:25:03,270 - [INFO] - [0f8d85cc] - request_end | status=200 | latency=0.0012s
2026-05-04 12:25:03,272 - [INFO] - [28706e14] - request_start | method=POST | path=/predict
2026-05-04 12:25:03,286 - [INFO] - [28706e14] - prediction | pred=1 | prob=0.8000 | latency=0.0120s
2026-05-04 12:25:03,286 - [INFO] - [28706e14] - request_end | status=200 | latency=0.0139s
2026-05-04 12:25:03,290 - [INFO] - [6cbc954e] - request_start | method=POST | path=/predict
2026-05-04 12:25:03,291 - [ERROR] - [6cbc954e] - validation_error | RIDAGEYR=Input should be a valid number, unable to parse string as a number, RIAGENDR=Field required, BMXBMI=Field required, PAQ605=Field required, PAQ620=Field required, BPQ020=Field required, DBD895=Field required
2026-05-04 12:25:03,291 - [INFO] - [6cbc954e] - request_end | status=422 | latency=0.0010s
2026-05-04 12:25:03,292 - [INFO] - [1549a6d1] - request_start | method=POST | path=/batch_predict
2026-05-04 12:25:03,323 - [ERROR] - [1549a6d1] - batch_prediction_error | type=TypeError | error=list indices must be integers or slices, not tuple
2026-05-04 12:25:03,324 - [ERROR] - [1549a6d1] - unhandled_error | type=TypeError | error=list indices must be integers or slices, not tuple
2026-05-04 12:25:03,564 - [INFO] - [58b34135] - request_start | method=POST | path=/predict
2026-05-04 12:25:03,568 - [INFO] - [58b34135] - prediction | pred=1 | prob=0.8000 | latency=0.0036s
2026-05-04 12:25:03,569 - [INFO] - [58b34135] - request_end | status=200 | latency=0.0044s
2026-05-04 12:25:03,570 - [INFO] - [0826349d] - request_start | method=POST | path=/predict
2026-05-04 12:25:03,575 - [INFO] - [0826349d] - prediction | pred=1 | prob=0.8000 | latency=0.0041s
2026-05-04 12:25:03,576 - [INFO] - [0826349d] - request_end | status=200 | latency=0.0052s
2026-05-04 12:25:03,580 - [INFO] - [cd162756] - request_start | method=POST | path=/predict
2026-05-04 12:25:03,583 - [INFO] - [cd162756] - prediction | pred=1 | prob=0.8000 | latency=0.0032s
2026-05-04 12:25:03,584 - [INFO] - [cd162756] - request_end | status=200 | latency=0.0039s
2026-05-04 12:25:03,585 - [INFO] - [b23bc4a0] - request_start | method=POST | path=/batch_predict
2026-05-04 12:25:03,589 - [ERROR] - [b23bc4a0] - batch_prediction_error | type=TypeError | error=list indices must be integers or slices, not tuple
2026-05-04 12:25:03,589 - [ERROR] - [b23bc4a0] - unhandled_error | type=TypeError | error=list indices must be integers or slices, not tuple
2026-05-04 12:25:03,774 - [INFO] - [368de6de] - request_start | method=POST | path=/predict
2026-05-04 12:25:03,778 - [ERROR] - [368de6de] - prediction_error | type=Exception | error=Model crashed
2026-05-04 12:25:03,778 - [ERROR] - [368de6de] - unhandled_error | type=Exception | error=Model crashed
2026-05-04 12:25:04,010 - [INFO] - [488d4398] - request_start | method=POST | path=/predict
2026-05-04 12:25:04,011 - [ERROR] - [488d4398] - validation_error | RIAGENDR=Input should be 1 or 2
2026-05-04 12:25:04,011 - [INFO] - [488d4398] - request_end | status=422 | latency=0.0006s
2026-05-04 12:26:54,457 - [INFO] - [STARTUP] - Shutting down
2026-05-04 12:26:54,562 - [INFO] - [STARTUP] - Waiting for application shutdown.
2026-05-04 12:26:54,564 - [INFO] - [STARTUP] - Application shutdown complete.
2026-05-04 12:26:54,564 - [INFO] - [STARTUP] - Finished server process [12985]
2026-05-04 12:26:55,897 - [INFO] - [STARTUP] - Started server process [13226]
2026-05-04 12:26:55,897 - [INFO] - [STARTUP] - Waiting for application startup.
2026-05-04 12:26:55,898 - [INFO] - [STARTUP] - Loading model artifacts at startup...
2026-05-04 12:26:56,727 - [INFO] - [STARTUP] - Model loaded successfully.
2026-05-04 12:26:56,727 - [INFO] - [STARTUP] - Application startup complete.
2026-05-04 12:27:02,041 - [INFO] - [0059970f] - request_start | method=GET | path=/health
2026-05-04 12:27:02,042 - [INFO] - [0059970f] - request_end | status=200 | latency=0.0011s
2026-05-04 12:27:02,044 - [INFO] - [19566a59] - request_start | method=POST | path=/predict
2026-05-04 12:27:02,063 - [INFO] - [19566a59] - prediction | pred=1 | prob=0.8000 | latency=0.0167s
2026-05-04 12:27:02,064 - [INFO] - [19566a59] - request_end | status=200 | latency=0.0194s
2026-05-04 12:27:02,067 - [INFO] - [417d3012] - request_start | method=POST | path=/predict
2026-05-04 12:27:02,071 - [ERROR] - [417d3012] - validation_error | RIDAGEYR=Input should be a valid number, unable to parse string as a number, RIAGENDR=Field required, BMXBMI=Field required, PAQ605=Field required, PAQ620=Field required, BPQ020=Field required, DBD895=Field required
2026-05-04 12:27:02,071 - [INFO] - [417d3012] - request_end | status=422 | latency=0.0042s
2026-05-04 12:27:02,076 - [INFO] - [80a8f8e6] - request_start | method=POST | path=/batch_predict
2026-05-04 12:27:02,099 - [INFO] - [80a8f8e6] - batch_prediction | batch_size=1 
2026-05-04 12:27:02,099 - [INFO] - [80a8f8e6] - request_end | status=200 | latency=0.0236s
2026-05-04 12:27:02,102 - [INFO] - [ef84fd40] - request_start | method=POST | path=/predict
2026-05-04 12:27:02,107 - [INFO] - [ef84fd40] - prediction | pred=1 | prob=0.8000 | latency=0.0041s
2026-05-04 12:27:02,107 - [INFO] - [ef84fd40] - request_end | status=200 | latency=0.0053s
2026-05-04 12:27:02,109 - [INFO] - [93720856] - request_start | method=POST | path=/predict
2026-05-04 12:27:02,113 - [INFO] - [93720856] - prediction | pred=1 | prob=0.8000 | latency=0.0035s
2026-05-04 12:27:02,113 - [INFO] - [93720856] - request_end | status=200 | latency=0.0044s
2026-05-04 12:27:02,177 - [INFO] - [bc137c1d] - request_start | method=POST | path=/predict
2026-05-04 12:27:02,181 - [INFO] - [bc137c1d] - prediction | pred=1 | prob=0.8000 | latency=0.0035s
2026-05-04 12:27:02,181 - [INFO] - [bc137c1d] - request_end | status=200 | latency=0.0045s
2026-05-04 12:27:02,182 - [INFO] - [640740ee] - request_start | method=POST | path=/batch_predict
2026-05-04 12:27:02,186 - [INFO] - [640740ee] - batch_prediction | batch_size=1 
2026-05-04 12:27:02,186 - [INFO] - [640740ee] - request_end | status=200 | latency=0.0042s
2026-05-04 12:27:02,189 - [INFO] - [3ea84a8d] - request_start | method=POST | path=/predict
2026-05-04 12:27:02,194 - [ERROR] - [3ea84a8d] - prediction_error | type=Exception | error=Model crashed
2026-05-04 12:27:02,194 - [ERROR] - [3ea84a8d] - unhandled_error | type=Exception | error=Model crashed
2026-05-04 12:27:02,447 - [INFO] - [3ed145c5] - request_start | method=POST | path=/predict
2026-05-04 12:27:02,448 - [ERROR] - [3ed145c5] - validation_error | RIAGENDR=Input should be 1 or 2
2026-05-04 12:27:02,448 - [INFO] - [3ed145c5] - request_end | status=422 | latency=0.0007s
2026-05-04 12:29:25,939 - [INFO] - [STARTUP] - Shutting down
2026-05-04 12:29:26,049 - [INFO] - [STARTUP] - Waiting for application shutdown.
2026-05-04 12:29:26,050 - [INFO] - [STARTUP] - Application shutdown complete.
2026-05-04 12:29:26,050 - [INFO] - [STARTUP] - Finished server process [13226]
2026-05-04 12:29:26,788 - [INFO] - [STARTUP] - Started server process [13449]
2026-05-04 12:29:26,788 - [INFO] - [STARTUP] - Waiting for application startup.
2026-05-04 12:29:26,788 - [INFO] - [STARTUP] - Loading model artifacts at startup...
2026-05-04 12:29:27,454 - [INFO] - [STARTUP] - Model loaded successfully.
2026-05-04 12:29:27,454 - [INFO] - [STARTUP] - Application startup complete.
2026-05-04 12:29:29,715 - [INFO] - [00a603ff] - request_start | method=GET | path=/health
2026-05-04 12:29:29,716 - [INFO] - [00a603ff] - request_end | status=200 | latency=0.0009s
2026-05-04 12:29:29,718 - [INFO] - [fc8503dd] - request_start | method=POST | path=/predict
2026-05-04 12:29:29,723 - [INFO] - [fc8503dd] - prediction | pred=1 | prob=0.8000 | latency=0.0043s
2026-05-04 12:29:29,724 - [INFO] - [fc8503dd] - request_end | status=200 | latency=0.0054s
2026-05-04 12:29:29,726 - [INFO] - [cbe31e67] - request_start | method=POST | path=/predict
2026-05-04 12:29:29,726 - [ERROR] - [cbe31e67] - validation_error | RIDAGEYR=Input should be a valid number, unable to parse string as a number, RIAGENDR=Field required, BMXBMI=Field required, PAQ605=Field required, PAQ620=Field required, BPQ020=Field required, DBD895=Field required
2026-05-04 12:29:29,726 - [INFO] - [cbe31e67] - request_end | status=422 | latency=0.0005s
2026-05-04 12:29:29,728 - [INFO] - [137fd580] - request_start | method=POST | path=/batch_predict
2026-05-04 12:29:29,733 - [INFO] - [137fd580] - batch_prediction | batch_size=1 
2026-05-04 12:29:29,733 - [INFO] - [137fd580] - request_end | status=200 | latency=0.0049s
2026-05-04 12:29:29,735 - [INFO] - [3d1e1d2b] - request_start | method=POST | path=/predict
2026-05-04 12:29:29,739 - [INFO] - [3d1e1d2b] - prediction | pred=1 | prob=0.8000 | latency=0.0033s
2026-05-04 12:29:29,739 - [INFO] - [3d1e1d2b] - request_end | status=200 | latency=0.0041s
2026-05-04 12:29:29,741 - [INFO] - [c0d7494d] - request_start | method=POST | path=/predict
2026-05-04 12:29:29,745 - [INFO] - [c0d7494d] - prediction | pred=1 | prob=0.8000 | latency=0.0033s
2026-05-04 12:29:29,746 - [INFO] - [c0d7494d] - request_end | status=200 | latency=0.0044s
2026-05-04 12:29:29,779 - [INFO] - [9371ec2f] - request_start | method=POST | path=/predict
2026-05-04 12:29:29,784 - [INFO] - [9371ec2f] - prediction | pred=1 | prob=0.8000 | latency=0.0033s
2026-05-04 12:29:29,784 - [INFO] - [9371ec2f] - request_end | status=200 | latency=0.0048s
2026-05-04 12:29:29,785 - [INFO] - [09aefb3e] - request_start | method=POST | path=/batch_predict
2026-05-04 12:29:29,806 - [INFO] - [09aefb3e] - batch_prediction | batch_size=1 
2026-05-04 12:29:29,807 - [INFO] - [09aefb3e] - request_end | status=200 | latency=0.0219s
2026-05-04 12:29:29,809 - [INFO] - [80f147fd] - request_start | method=POST | path=/predict
2026-05-04 12:29:29,812 - [ERROR] - [80f147fd] - prediction_error | type=HTTPException | error=500: Model inference failed
2026-05-04 12:29:29,812 - [INFO] - [80f147fd] - request_end | status=500 | latency=0.0038s
2026-05-04 12:29:29,814 - [INFO] - [5f6fd62e] - request_start | method=POST | path=/predict
2026-05-04 12:29:29,815 - [ERROR] - [5f6fd62e] - validation_error | RIAGENDR=Input should be 1 or 2
2026-05-04 12:29:29,815 - [INFO] - [5f6fd62e] - request_end | status=422 | latency=0.0004s
2026-05-04 12:44:58,518 - [INFO] - [STARTUP] - Shutting down
2026-05-04 12:44:58,624 - [INFO] - [STARTUP] - Waiting for application shutdown.
2026-05-04 12:44:58,625 - [INFO] - [STARTUP] - Application shutdown complete.
2026-05-04 12:44:58,626 - [INFO] - [STARTUP] - Finished server process [13449]
2026-05-04 12:44:59,413 - [INFO] - [STARTUP] - Started server process [13812]
2026-05-04 12:44:59,414 - [INFO] - [STARTUP] - Waiting for application startup.
2026-05-04 12:44:59,414 - [INFO] - [STARTUP] - Loading model artifacts at startup...
2026-05-04 12:45:00,239 - [INFO] - [STARTUP] - Model loaded successfully.
2026-05-04 12:45:00,239 - [INFO] - [STARTUP] - Application startup complete.
2026-05-04 12:45:02,364 - [INFO] - [f07fee01] - request_start | method=GET | path=/health
2026-05-04 12:45:02,364 - [INFO] - [f07fee01] - request_end | status=200 | latency=0.0008s
2026-05-04 12:45:02,366 - [INFO] - [7cb1fc65] - request_start | method=POST | path=/predict
2026-05-04 12:45:02,379 - [INFO] - [7cb1fc65] - prediction | pred=1 | prob=0.8000 | latency=0.0107s
2026-05-04 12:45:02,380 - [INFO] - [7cb1fc65] - request_end | status=200 | latency=0.0132s
2026-05-04 12:45:02,381 - [INFO] - [17f24a01] - request_start | method=POST | path=/predict
2026-05-04 12:45:02,382 - [ERROR] - [17f24a01] - validation_error | RIDAGEYR=Input should be a valid number, unable to parse string as a number, RIAGENDR=Field required, BMXBMI=Field required, PAQ605=Field required, PAQ620=Field required, BPQ020=Field required, DBD895=Field required
2026-05-04 12:45:02,383 - [INFO] - [17f24a01] - request_end | status=422 | latency=0.0011s
2026-05-04 12:45:02,384 - [INFO] - [17f9c28e] - request_start | method=POST | path=/batch_predict
2026-05-04 12:45:02,389 - [INFO] - [17f9c28e] - batch_prediction | batch_size=1 
2026-05-04 12:45:02,390 - [INFO] - [17f9c28e] - request_end | status=200 | latency=0.0054s
2026-05-04 12:45:02,392 - [INFO] - [11c005c1] - request_start | method=POST | path=/predict
2026-05-04 12:45:02,396 - [INFO] - [11c005c1] - prediction | pred=1 | prob=0.8000 | latency=0.0037s
2026-05-04 12:45:02,396 - [INFO] - [11c005c1] - request_end | status=200 | latency=0.0045s
2026-05-04 12:45:02,398 - [INFO] - [4343f942] - request_start | method=POST | path=/predict
2026-05-04 12:45:02,402 - [INFO] - [4343f942] - prediction | pred=1 | prob=0.8000 | latency=0.0031s
2026-05-04 12:45:02,402 - [INFO] - [4343f942] - request_end | status=200 | latency=0.0038s
2026-05-04 12:45:02,434 - [INFO] - [eb88b1dc] - request_start | method=POST | path=/predict
2026-05-04 12:45:02,438 - [INFO] - [eb88b1dc] - prediction | pred=1 | prob=0.8000 | latency=0.0032s
2026-05-04 12:45:02,439 - [INFO] - [eb88b1dc] - request_end | status=200 | latency=0.0046s
2026-05-04 12:45:02,440 - [INFO] - [81e22b2d] - request_start | method=POST | path=/batch_predict
2026-05-04 12:45:02,462 - [INFO] - [81e22b2d] - batch_prediction | batch_size=1 
2026-05-04 12:45:02,463 - [INFO] - [81e22b2d] - request_end | status=200 | latency=0.0223s
2026-05-04 12:45:02,465 - [INFO] - [936825ab] - request_start | method=POST | path=/predict
2026-05-04 12:45:02,468 - [ERROR] - [936825ab] - prediction_error | type=HTTPException | error=500: Model inference failed
2026-05-04 12:45:02,469 - [INFO] - [936825ab] - request_end | status=500 | latency=0.0041s
2026-05-04 12:45:02,471 - [INFO] - [94781f4e] - request_start | method=POST | path=/predict
2026-05-04 12:45:02,471 - [ERROR] - [94781f4e] - validation_error | RIAGENDR=Input should be 1 or 2
2026-05-04 12:45:02,471 - [INFO] - [94781f4e] - request_end | status=422 | latency=0.0007s
2026-05-04 12:50:03,099 - [INFO] - [STARTUP] - Shutting down
2026-05-04 12:50:03,204 - [INFO] - [STARTUP] - Waiting for application shutdown.
2026-05-04 12:50:03,206 - [INFO] - [STARTUP] - Application shutdown complete.
2026-05-04 12:50:03,206 - [INFO] - [STARTUP] - Finished server process [13812]
2026-05-04 12:50:04,143 - [INFO] - [STARTUP] - Started server process [14032]
2026-05-04 12:50:04,143 - [INFO] - [STARTUP] - Waiting for application startup.
2026-05-04 12:50:04,143 - [INFO] - [STARTUP] - Loading model artifacts at startup...
2026-05-04 12:50:04,988 - [INFO] - [STARTUP] - Model loaded successfully.
2026-05-04 12:50:04,989 - [INFO] - [STARTUP] - Application startup complete.
2026-05-04 12:50:35,536 - [INFO] - [STARTUP] - Shutting down
2026-05-04 12:50:35,639 - [INFO] - [STARTUP] - Waiting for application shutdown.
2026-05-04 12:50:35,640 - [INFO] - [STARTUP] - Application shutdown complete.
2026-05-04 12:50:35,640 - [INFO] - [STARTUP] - Finished server process [14032]
2026-05-04 12:50:36,361 - [INFO] - [STARTUP] - Started server process [14065]
2026-05-04 12:50:36,362 - [INFO] - [STARTUP] - Waiting for application startup.
2026-05-04 12:50:36,362 - [INFO] - [STARTUP] - Loading model artifacts at startup...
2026-05-04 12:50:37,180 - [INFO] - [STARTUP] - Model loaded successfully.
2026-05-04 12:50:37,180 - [INFO] - [STARTUP] - Application startup complete.
2026-05-04 12:50:39,173 - [INFO] - [2cd6a7b9] - request_start | method=GET | path=/health
2026-05-04 12:50:39,174 - [INFO] - [2cd6a7b9] - request_end | status=200 | latency=0.0010s
2026-05-04 12:50:39,176 - [INFO] - [53a621cf] - request_start | method=POST | path=/predict
2026-05-04 12:50:39,190 - [INFO] - [53a621cf] - prediction | pred=1 | prob=0.8000 | latency=0.0125s
2026-05-04 12:50:39,190 - [INFO] - [53a621cf] - request_end | status=200 | latency=0.0145s
2026-05-04 12:50:39,192 - [INFO] - [aa4bf4c3] - request_start | method=POST | path=/predict
2026-05-04 12:50:39,193 - [ERROR] - [aa4bf4c3] - validation_error | RIDAGEYR=Input should be a valid number, unable to parse string as a number, RIAGENDR=Field required, BMXBMI=Field required, PAQ605=Field required, PAQ620=Field required, BPQ020=Field required, DBD895=Field required
2026-05-04 12:50:39,193 - [INFO] - [aa4bf4c3] - request_end | status=422 | latency=0.0010s
2026-05-04 12:50:39,194 - [INFO] - [17dfe86c] - request_start | method=POST | path=/batch_predict
2026-05-04 12:50:39,200 - [INFO] - [17dfe86c] - batch_prediction | batch_size=1 
2026-05-04 12:50:39,200 - [INFO] - [17dfe86c] - request_end | status=200 | latency=0.0060s
2026-05-04 12:50:39,203 - [INFO] - [69f9ec61] - request_start | method=POST | path=/predict
2026-05-04 12:50:39,207 - [INFO] - [69f9ec61] - prediction | pred=1 | prob=0.8000 | latency=0.0036s
2026-05-04 12:50:39,207 - [INFO] - [69f9ec61] - request_end | status=200 | latency=0.0045s
2026-05-04 12:50:39,209 - [INFO] - [d5d9a77d] - request_start | method=POST | path=/predict
2026-05-04 12:50:39,213 - [INFO] - [d5d9a77d] - prediction | pred=1 | prob=0.8000 | latency=0.0031s
2026-05-04 12:50:39,213 - [INFO] - [d5d9a77d] - request_end | status=200 | latency=0.0039s
2026-05-04 12:50:39,277 - [INFO] - [dbe15d61] - request_start | method=POST | path=/predict
2026-05-04 12:50:39,281 - [INFO] - [dbe15d61] - prediction | pred=1 | prob=0.8000 | latency=0.0034s
2026-05-04 12:50:39,281 - [INFO] - [dbe15d61] - request_end | status=200 | latency=0.0049s
2026-05-04 12:50:39,282 - [INFO] - [f1f3482a] - request_start | method=POST | path=/batch_predict
2026-05-04 12:50:39,304 - [INFO] - [f1f3482a] - batch_prediction | batch_size=1 
2026-05-04 12:50:39,304 - [INFO] - [f1f3482a] - request_end | status=200 | latency=0.0215s
2026-05-04 12:50:39,306 - [INFO] - [790cff01] - request_start | method=POST | path=/predict
2026-05-04 12:50:39,310 - [ERROR] - [790cff01] - prediction_error | type=HTTPException | error=500: Model inference failed
2026-05-04 12:50:39,310 - [INFO] - [790cff01] - request_end | status=500 | latency=0.0039s
2026-05-04 12:50:39,312 - [INFO] - [ce9620a4] - request_start | method=POST | path=/predict
2026-05-04 12:50:39,312 - [ERROR] - [ce9620a4] - validation_error | RIAGENDR=Input should be 1 or 2
2026-05-04 12:50:39,312 - [INFO] - [ce9620a4] - request_end | status=422 | latency=0.0007s
2026-05-04 12:53:19,332 - [INFO] - [STARTUP] - Shutting down
2026-05-04 12:53:19,436 - [INFO] - [STARTUP] - Waiting for application shutdown.
2026-05-04 12:53:19,437 - [INFO] - [STARTUP] - Application shutdown complete.
2026-05-04 12:53:19,437 - [INFO] - [STARTUP] - Finished server process [14065]
2026-05-04 12:53:20,668 - [INFO] - [STARTUP] - Started server process [14265]
2026-05-04 12:53:20,668 - [INFO] - [STARTUP] - Waiting for application startup.
2026-05-04 12:53:20,669 - [INFO] - [STARTUP] - Loading model artifacts at startup...
2026-05-04 12:53:21,459 - [INFO] - [STARTUP] - Model loaded successfully.
2026-05-04 12:53:21,459 - [INFO] - [STARTUP] - Application startup complete.
2026-05-04 12:53:23,419 - [INFO] - [88d642bb] - request_start | method=GET | path=/health
2026-05-04 12:53:23,420 - [INFO] - [88d642bb] - request_end | status=200 | latency=0.0011s
2026-05-04 12:53:23,422 - [INFO] - [629579ac] - request_start | method=POST | path=/predict
2026-05-04 12:53:23,436 - [INFO] - [629579ac] - prediction | pred=1 | prob=0.8000 | latency=0.0125s
2026-05-04 12:53:23,436 - [INFO] - [629579ac] - request_end | status=200 | latency=0.0145s
2026-05-04 12:53:23,439 - [INFO] - [bca85dba] - request_start | method=POST | path=/predict
2026-05-04 12:53:23,440 - [ERROR] - [bca85dba] - validation_error | RIDAGEYR=Input should be a valid number, unable to parse string as a number, RIAGENDR=Field required, BMXBMI=Field required, PAQ605=Field required, PAQ620=Field required, BPQ020=Field required, DBD895=Field required
2026-05-04 12:53:23,441 - [INFO] - [bca85dba] - request_end | status=422 | latency=0.0014s
2026-05-04 12:53:23,442 - [INFO] - [38606769] - request_start | method=POST | path=/batch_predict
2026-05-04 12:53:23,465 - [INFO] - [38606769] - batch_prediction | batch_size=1 
2026-05-04 12:53:23,465 - [INFO] - [38606769] - request_end | status=200 | latency=0.0230s
2026-05-04 12:53:23,468 - [INFO] - [ed30fbc2] - request_start | method=POST | path=/predict
2026-05-04 12:53:23,472 - [INFO] - [ed30fbc2] - prediction | pred=1 | prob=0.8000 | latency=0.0035s
2026-05-04 12:53:23,472 - [INFO] - [ed30fbc2] - request_end | status=200 | latency=0.0043s
2026-05-04 12:53:23,474 - [INFO] - [2bd914e5] - request_start | method=POST | path=/predict
2026-05-04 12:53:23,477 - [INFO] - [2bd914e5] - prediction | pred=0 | prob=0.2000 | latency=0.0032s
2026-05-04 12:53:23,478 - [INFO] - [2bd914e5] - request_end | status=200 | latency=0.0040s
2026-05-04 12:53:23,479 - [INFO] - [03c16551] - request_start | method=POST | path=/predict
2026-05-04 12:53:23,483 - [INFO] - [03c16551] - prediction | pred=1 | prob=0.8000 | latency=0.0035s
2026-05-04 12:53:23,484 - [INFO] - [03c16551] - request_end | status=200 | latency=0.0044s
2026-05-04 12:53:23,485 - [INFO] - [010cd3e7] - request_start | method=POST | path=/batch_predict
2026-05-04 12:53:23,489 - [INFO] - [010cd3e7] - batch_prediction | batch_size=1 
2026-05-04 12:53:23,489 - [INFO] - [010cd3e7] - request_end | status=200 | latency=0.0046s
2026-05-04 12:53:23,491 - [INFO] - [12609da6] - request_start | method=POST | path=/predict
2026-05-04 12:53:23,495 - [ERROR] - [12609da6] - prediction_error | type=HTTPException | error=500: Model inference failed
2026-05-04 12:53:23,495 - [INFO] - [12609da6] - request_end | status=500 | latency=0.0038s
2026-05-04 12:53:23,497 - [INFO] - [5e34e92c] - request_start | method=POST | path=/predict
2026-05-04 12:53:23,498 - [ERROR] - [5e34e92c] - validation_error | RIAGENDR=Input should be 1 or 2
2026-05-04 12:53:23,498 - [INFO] - [5e34e92c] - request_end | status=422 | latency=0.0016s
2026-05-04 12:55:34,036 - [INFO] - [STARTUP] - Shutting down
2026-05-04 12:55:34,141 - [INFO] - [STARTUP] - Waiting for application shutdown.
2026-05-04 12:55:34,143 - [INFO] - [STARTUP] - Application shutdown complete.
2026-05-04 12:55:34,143 - [INFO] - [STARTUP] - Finished server process [14265]
2026-05-04 12:55:35,244 - [INFO] - [STARTUP] - Started server process [14408]
2026-05-04 12:55:35,244 - [INFO] - [STARTUP] - Waiting for application startup.
2026-05-04 12:55:35,245 - [INFO] - [STARTUP] - Loading model artifacts at startup...
2026-05-04 12:55:35,999 - [INFO] - [STARTUP] - Model loaded successfully.
2026-05-04 12:55:35,999 - [INFO] - [STARTUP] - Application startup complete.
2026-05-04 12:56:08,540 - [INFO] - [STARTUP] - Shutting down
2026-05-04 12:56:08,643 - [INFO] - [STARTUP] - Waiting for application shutdown.
2026-05-04 12:56:08,644 - [INFO] - [STARTUP] - Application shutdown complete.
2026-05-04 12:56:08,644 - [INFO] - [STARTUP] - Finished server process [14408]
2026-05-04 12:56:09,678 - [INFO] - [STARTUP] - Started server process [14427]
2026-05-04 12:56:09,679 - [INFO] - [STARTUP] - Waiting for application startup.
2026-05-04 12:56:09,679 - [INFO] - [STARTUP] - Loading model artifacts at startup...
2026-05-04 12:56:10,360 - [INFO] - [STARTUP] - Model loaded successfully.
2026-05-04 12:56:10,360 - [INFO] - [STARTUP] - Application startup complete.
2026-05-04 13:13:46,840 - [INFO] - [STARTUP] - Shutting down
2026-05-04 13:13:46,942 - [INFO] - [STARTUP] - Waiting for application shutdown.
2026-05-04 13:13:46,943 - [INFO] - [STARTUP] - Application shutdown complete.
2026-05-04 13:13:46,943 - [INFO] - [STARTUP] - Finished server process [14427]
2026-05-04 13:13:48,259 - [INFO] - [STARTUP] - Started server process [15122]
2026-05-04 13:13:48,261 - [INFO] - [STARTUP] - Waiting for application startup.
2026-05-04 13:13:48,261 - [INFO] - [STARTUP] - Loading model artifacts at startup...
2026-05-04 13:13:49,132 - [INFO] - [STARTUP] - Model loaded successfully.
2026-05-04 13:13:49,132 - [INFO] - [STARTUP] - Application startup complete.
2026-05-04 13:15:50,510 - [INFO] - [STARTUP] - Shutting down
2026-05-04 13:15:50,613 - [INFO] - [STARTUP] - Waiting for application shutdown.
2026-05-04 13:15:50,614 - [INFO] - [STARTUP] - Application shutdown complete.
2026-05-04 13:15:50,614 - [INFO] - [STARTUP] - Finished server process [15122]
2026-05-04 13:15:51,420 - [INFO] - [STARTUP] - Started server process [15446]
2026-05-04 13:15:51,421 - [INFO] - [STARTUP] - Waiting for application startup.
2026-05-04 13:15:51,421 - [INFO] - [STARTUP] - Loading model artifacts at startup...
2026-05-04 13:15:52,476 - [INFO] - [STARTUP] - Model loaded successfully.
2026-05-04 13:15:52,477 - [INFO] - [STARTUP] - Application startup complete.
2026-05-04 13:16:45,954 - [INFO] - [STARTUP] - Shutting down
2026-05-04 13:16:46,059 - [INFO] - [STARTUP] - Waiting for application shutdown.
2026-05-04 13:16:46,061 - [INFO] - [STARTUP] - Application shutdown complete.
2026-05-04 13:16:46,061 - [INFO] - [STARTUP] - Finished server process [15446]
2026-05-04 13:16:47,880 - [INFO] - [STARTUP] - Started server process [15491]
2026-05-04 13:16:47,881 - [INFO] - [STARTUP] - Waiting for application startup.
2026-05-04 13:16:47,881 - [INFO] - [STARTUP] - Loading model artifacts at startup...
2026-05-04 13:16:48,533 - [INFO] - [STARTUP] - Model loaded successfully.
2026-05-04 13:16:48,533 - [INFO] - [STARTUP] - Application startup complete.
2026-05-04 13:17:06,657 - [INFO] - [STARTUP] - Shutting down
2026-05-04 13:17:06,760 - [INFO] - [STARTUP] - Waiting for application shutdown.
2026-05-04 13:17:06,769 - [INFO] - [STARTUP] - Application shutdown complete.
2026-05-04 13:17:06,769 - [INFO] - [STARTUP] - Finished server process [15491]
2026-05-04 13:17:07,740 - [INFO] - [STARTUP] - Started server process [15526]
2026-05-04 13:17:07,740 - [INFO] - [STARTUP] - Waiting for application startup.
2026-05-04 13:17:07,740 - [INFO] - [STARTUP] - Loading model artifacts at startup...
2026-05-04 13:17:08,376 - [INFO] - [STARTUP] - Model loaded successfully.
2026-05-04 13:17:08,376 - [INFO] - [STARTUP] - Application startup complete.
2026-05-04 13:35:06,828 - [INFO] - [STARTUP] - Shutting down
2026-05-04 13:35:06,936 - [INFO] - [STARTUP] - Waiting for application shutdown.
2026-05-04 13:35:06,939 - [INFO] - [STARTUP] - Application shutdown complete.
2026-05-04 13:35:06,939 - [INFO] - [STARTUP] - Finished server process [15526]
2026-05-04 13:35:07,757 - [INFO] - [STARTUP] - Started server process [15796]
2026-05-04 13:35:07,757 - [INFO] - [STARTUP] - Waiting for application startup.
2026-05-04 13:35:07,758 - [INFO] - [STARTUP] - Loading model artifacts at startup...
2026-05-04 13:35:08,541 - [INFO] - [STARTUP] - Model loaded successfully.
2026-05-04 13:35:08,541 - [INFO] - [STARTUP] - Application startup complete.
2026-05-04 13:35:39,802 - [INFO] - [STARTUP] - Shutting down
2026-05-04 13:35:39,905 - [INFO] - [STARTUP] - Waiting for application shutdown.
2026-05-04 13:35:39,907 - [INFO] - [STARTUP] - Application shutdown complete.
2026-05-04 13:35:39,907 - [INFO] - [STARTUP] - Finished server process [15796]
2026-05-04 13:35:40,639 - [INFO] - [STARTUP] - Started server process [15937]
2026-05-04 13:35:40,639 - [INFO] - [STARTUP] - Waiting for application startup.
2026-05-04 13:35:40,640 - [INFO] - [STARTUP] - Loading model artifacts at startup...
2026-05-04 13:35:41,371 - [INFO] - [STARTUP] - Model loaded successfully.
2026-05-04 13:35:41,371 - [INFO] - [STARTUP] - Application startup complete.
2026-05-04 17:34:04,548 - [INFO] - [fa72e81d] - request_start | method=GET | path=/health
2026-05-04 17:34:04,561 - [INFO] - [fa72e81d] - request_end | status=200 | latency=0.0150s
2026-05-04 17:34:09,339 - [INFO] - [f6e6729f] - request_start | method=POST | path=/predict
2026-05-04 17:34:09,361 - [ERROR] - [f6e6729f] - validation_error | RIAGENDR=Input should be 1 or 2
2026-05-04 17:34:09,362 - [INFO] - [f6e6729f] - request_end | status=422 | latency=0.0230s
